!SESSION 2013-06-13 13:45:51.238 -----------------------------------------------
eclipse.buildId=M20130204-1200
java.version=1.7.0_21
java.vendor=Oracle Corporation
BootLoader constants: OS=win32, ARCH=x86_64, WS=win32, NL=en_US
Command-line arguments:  -os win32 -ws win32 -arch x86_64

!ENTRY org.eclipse.core.resources 2 10035 2013-06-13 13:46:16.664
!MESSAGE The workspace exited with unsaved changes in the previous session; refreshing workspace to recover changes.
!SESSION 2013-06-13 14:25:35.576 -----------------------------------------------
eclipse.buildId=M20130204-1200
java.version=1.7.0_21
java.vendor=Oracle Corporation
BootLoader constants: OS=win32, ARCH=x86_64, WS=win32, NL=en_US
Command-line arguments:  -os win32 -ws win32 -arch x86_64

!ENTRY org.eclipse.jdt.ui 4 10001 2013-06-17 21:21:21.991
!MESSAGE Internal Error
!STACK 1
Java Model Exception: Java Model Status [Timed out while retrieving the attached javadoc for PrintStream [in PrintStream.class [in java.io [in C:\Program Files\Java\jre7\lib\rt.jar]]] ]
	at org.eclipse.jdt.internal.core.JavaElement.getURLContents(JavaElement.java:808)
	at org.eclipse.jdt.internal.core.BinaryType.getJavadocContents(BinaryType.java:1037)
	at org.eclipse.jdt.internal.core.BinaryMethod.getAttachedJavadoc(BinaryMethod.java:639)
	at org.eclipse.jdt.internal.ui.text.javadoc.JavadocContentAccess2.getHTMLContent(JavadocContentAccess2.java:463)
	at org.eclipse.jdt.internal.ui.text.java.ProposalInfo.extractJavadoc(ProposalInfo.java:95)
	at org.eclipse.jdt.internal.ui.text.java.ProposalInfo.computeInfo(ProposalInfo.java:75)
	at org.eclipse.jdt.internal.ui.text.java.ProposalInfo.getInfo(ProposalInfo.java:58)
	at org.eclipse.jdt.internal.ui.text.java.AbstractJavaCompletionProposal.getAdditionalProposalInfo(AbstractJavaCompletionProposal.java:555)
	at org.eclipse.jface.text.contentassist.AdditionalInfoController$3.run(AdditionalInfoController.java:106)
	at org.eclipse.core.internal.jobs.Worker.run(Worker.java:53)
!SUBENTRY 1 org.eclipse.jdt.core 4 1012 2013-06-17 21:21:22.081
!MESSAGE Timed out while retrieving the attached javadoc for PrintStream [in PrintStream.class [in java.io [in C:\Program Files\Java\jre7\lib\rt.jar]]] 

!ENTRY org.eclipse.jdt.ui 4 10001 2013-06-17 21:21:22.088
!MESSAGE Internal Error
!STACK 1
Java Model Exception: Java Model Status [Timed out while retrieving the attached javadoc for PrintStream [in PrintStream.class [in java.io [in C:\Program Files\Java\jre7\lib\rt.jar]]] ]
	at org.eclipse.jdt.internal.core.JavaElement.getURLContents(JavaElement.java:808)
	at org.eclipse.jdt.internal.core.BinaryType.getJavadocContents(BinaryType.java:1037)
	at org.eclipse.jdt.internal.core.BinaryMethod.getAttachedJavadoc(BinaryMethod.java:639)
	at org.eclipse.jdt.internal.ui.text.javadoc.JavadocContentAccess2.getHTMLContent(JavadocContentAccess2.java:463)
	at org.eclipse.jdt.internal.ui.text.java.ProposalInfo.extractJavadoc(ProposalInfo.java:95)
	at org.eclipse.jdt.internal.ui.text.java.ProposalInfo.computeInfo(ProposalInfo.java:75)
	at org.eclipse.jdt.internal.ui.text.java.ProposalInfo.getInfo(ProposalInfo.java:58)
	at org.eclipse.jdt.internal.ui.text.java.AbstractJavaCompletionProposal.getAdditionalProposalInfo(AbstractJavaCompletionProposal.java:555)
	at org.eclipse.jface.text.contentassist.AdditionalInfoController$3.run(AdditionalInfoController.java:106)
	at org.eclipse.core.internal.jobs.Worker.run(Worker.java:53)
!SUBENTRY 1 org.eclipse.jdt.core 4 1012 2013-06-17 21:21:22.089
!MESSAGE Timed out while retrieving the attached javadoc for PrintStream [in PrintStream.class [in java.io [in C:\Program Files\Java\jre7\lib\rt.jar]]] 

!ENTRY org.eclipse.jdt.ui 4 10001 2013-06-17 21:21:22.095
!MESSAGE Internal Error
!STACK 1
Java Model Exception: Java Model Status [Timed out while retrieving the attached javadoc for PrintStream [in PrintStream.class [in java.io [in C:\Program Files\Java\jre7\lib\rt.jar]]] ]
	at org.eclipse.jdt.internal.core.JavaElement.getURLContents(JavaElement.java:808)
	at org.eclipse.jdt.internal.core.BinaryType.getJavadocContents(BinaryType.java:1037)
	at org.eclipse.jdt.internal.core.BinaryMethod.getAttachedJavadoc(BinaryMethod.java:639)
	at org.eclipse.jdt.internal.ui.text.javadoc.JavadocContentAccess2.getHTMLContent(JavadocContentAccess2.java:463)
	at org.eclipse.jdt.internal.ui.text.java.ProposalInfo.extractJavadoc(ProposalInfo.java:95)
	at org.eclipse.jdt.internal.ui.text.java.ProposalInfo.computeInfo(ProposalInfo.java:75)
	at org.eclipse.jdt.internal.ui.text.java.ProposalInfo.getInfo(ProposalInfo.java:58)
	at org.eclipse.jdt.internal.ui.text.java.AbstractJavaCompletionProposal.getAdditionalProposalInfo(AbstractJavaCompletionProposal.java:555)
	at org.eclipse.jface.text.contentassist.AdditionalInfoController$3.run(AdditionalInfoController.java:106)
	at org.eclipse.core.internal.jobs.Worker.run(Worker.java:53)
!SUBENTRY 1 org.eclipse.jdt.core 4 1012 2013-06-17 21:21:22.095
!MESSAGE Timed out while retrieving the attached javadoc for PrintStream [in PrintStream.class [in java.io [in C:\Program Files\Java\jre7\lib\rt.jar]]] 
!SESSION 2013-06-18 22:06:09.759 -----------------------------------------------
eclipse.buildId=M20130204-1200
java.version=1.7.0_21
java.vendor=Oracle Corporation
BootLoader constants: OS=win32, ARCH=x86_64, WS=win32, NL=en_US
Command-line arguments:  -os win32 -ws win32 -arch x86_64

!ENTRY org.eclipse.core.resources 2 10035 2013-06-18 22:06:18.891
!MESSAGE The workspace exited with unsaved changes in the previous session; refreshing workspace to recover changes.

!ENTRY org.eclipse.ui 4 4 2013-06-18 22:06:47.890
!MESSAGE Unable to create part

!ENTRY org.eclipse.core.filebuffers 4 0 2013-06-18 22:06:47.991
!MESSAGE The file does not exist.
!STACK 1
org.eclipse.core.runtime.CoreException: The file does not exist.
	at org.eclipse.core.internal.filebuffers.ResourceFileBuffer.create(ResourceFileBuffer.java:237)
	at org.eclipse.core.internal.filebuffers.TextFileBufferManager.connect(TextFileBufferManager.java:112)
	at org.eclipse.ui.editors.text.TextFileDocumentProvider.createFileInfo(TextFileDocumentProvider.java:559)
	at org.eclipse.jdt.internal.ui.javaeditor.CompilationUnitDocumentProvider.createFileInfo(CompilationUnitDocumentProvider.java:978)
	at org.eclipse.ui.editors.text.TextFileDocumentProvider.connect(TextFileDocumentProvider.java:478)
	at org.eclipse.jdt.internal.ui.javaeditor.CompilationUnitDocumentProvider.connect(CompilationUnitDocumentProvider.java:1242)
	at org.eclipse.ui.texteditor.AbstractTextEditor.doSetInput(AbstractTextEditor.java:4222)
	at org.eclipse.ui.texteditor.StatusTextEditor.doSetInput(StatusTextEditor.java:237)
	at org.eclipse.ui.texteditor.AbstractDecoratedTextEditor.doSetInput(AbstractDecoratedTextEditor.java:1480)
	at org.eclipse.jdt.internal.ui.javaeditor.JavaEditor.internalDoSetInput(JavaEditor.java:2584)
	at org.eclipse.jdt.internal.ui.javaeditor.JavaEditor.doSetInput(JavaEditor.java:2557)
	at org.eclipse.jdt.internal.ui.javaeditor.CompilationUnitEditor.doSetInput(CompilationUnitEditor.java:1395)
	at org.eclipse.ui.texteditor.AbstractTextEditor$19.run(AbstractTextEditor.java:3209)
	at org.eclipse.ui.internal.WorkbenchWindow.run(WorkbenchWindow.java:1667)
	at org.eclipse.ui.texteditor.AbstractTextEditor.internalInit(AbstractTextEditor.java:3227)
	at org.eclipse.ui.texteditor.AbstractTextEditor.init(AbstractTextEditor.java:3254)
	at org.eclipse.ui.internal.EditorReference.initialize(EditorReference.java:360)
	at org.eclipse.ui.internal.e4.compatibility.CompatibilityPart.create(CompatibilityPart.java:301)
	at sun.reflect.NativeMethodAccessorImpl.invoke0(Native Method)
	at sun.reflect.NativeMethodAccessorImpl.invoke(Unknown Source)
	at sun.reflect.DelegatingMethodAccessorImpl.invoke(Unknown Source)
	at java.lang.reflect.Method.invoke(Unknown Source)
	at org.eclipse.e4.core.internal.di.MethodRequestor.execute(MethodRequestor.java:56)
	at org.eclipse.e4.core.internal.di.InjectorImpl.processAnnotated(InjectorImpl.java:861)
	at org.eclipse.e4.core.internal.di.InjectorImpl.processAnnotated(InjectorImpl.java:841)
	at org.eclipse.e4.core.internal.di.InjectorImpl.inject(InjectorImpl.java:113)
	at org.eclipse.e4.core.internal.di.InjectorImpl.internalMake(InjectorImpl.java:321)
	at org.eclipse.e4.core.internal.di.InjectorImpl.make(InjectorImpl.java:242)
	at org.eclipse.e4.core.contexts.ContextInjectionFactory.make(ContextInjectionFactory.java:161)
	at org.eclipse.e4.ui.internal.workbench.ReflectionContributionFactory.createFromBundle(ReflectionContributionFactory.java:102)
	at org.eclipse.e4.ui.internal.workbench.ReflectionContributionFactory.doCreate(ReflectionContributionFactory.java:71)
	at org.eclipse.e4.ui.internal.workbench.ReflectionContributionFactory.create(ReflectionContributionFactory.java:53)
	at org.eclipse.e4.ui.workbench.renderers.swt.ContributedPartRenderer.createWidget(ContributedPartRenderer.java:141)
	at org.eclipse.e4.ui.internal.workbench.swt.PartRenderingEngine.createWidget(PartRenderingEngine.java:894)
	at org.eclipse.e4.ui.internal.workbench.swt.PartRenderingEngine.safeCreateGui(PartRenderingEngine.java:629)
	at org.eclipse.e4.ui.internal.workbench.swt.PartRenderingEngine.safeCreateGui(PartRenderingEngine.java:731)
	at org.eclipse.e4.ui.internal.workbench.swt.PartRenderingEngine.access$2(PartRenderingEngine.java:702)
	at org.eclipse.e4.ui.internal.workbench.swt.PartRenderingEngine$7.run(PartRenderingEngine.java:696)
	at org.eclipse.core.runtime.SafeRunner.run(SafeRunner.java:42)
	at org.eclipse.e4.ui.internal.workbench.swt.PartRenderingEngine.createGui(PartRenderingEngine.java:681)
	at org.eclipse.e4.ui.workbench.renderers.swt.StackRenderer.showTab(StackRenderer.java:1115)
	at org.eclipse.e4.ui.workbench.renderers.swt.LazyStackRenderer.postProcess(LazyStackRenderer.java:98)
	at org.eclipse.e4.ui.internal.workbench.swt.PartRenderingEngine.safeCreateGui(PartRenderingEngine.java:645)
	at org.eclipse.e4.ui.internal.workbench.swt.PartRenderingEngine.safeCreateGui(PartRenderingEngine.java:731)
	at org.eclipse.e4.ui.internal.workbench.swt.PartRenderingEngine.access$2(PartRenderingEngine.java:702)
	at org.eclipse.e4.ui.internal.workbench.swt.PartRenderingEngine$7.run(PartRenderingEngine.java:696)
	at org.eclipse.core.runtime.SafeRunner.run(SafeRunner.java:42)
	at org.eclipse.e4.ui.internal.workbench.swt.PartRenderingEngine.createGui(PartRenderingEngine.java:681)
	at org.eclipse.e4.ui.workbench.renderers.swt.SWTPartRenderer.processContents(SWTPartRenderer.java:59)
	at org.eclipse.e4.ui.internal.workbench.swt.PartRenderingEngine.safeCreateGui(PartRenderingEngine.java:641)
	at org.eclipse.e4.ui.internal.workbench.swt.PartRenderingEngine$6.run(PartRenderingEngine.java:520)
	at org.eclipse.core.runtime.SafeRunner.run(SafeRunner.java:42)
	at org.eclipse.e4.ui.internal.workbench.swt.PartRenderingEngine.createGui(PartRenderingEngine.java:505)
	at org.eclipse.e4.ui.workbench.renderers.swt.ElementReferenceRenderer.createWidget(ElementReferenceRenderer.java:74)
	at org.eclipse.e4.ui.internal.workbench.swt.PartRenderingEngine.createWidget(PartRenderingEngine.java:894)
	at org.eclipse.e4.ui.internal.workbench.swt.PartRenderingEngine.safeCreateGui(PartRenderingEngine.java:629)
	at org.eclipse.e4.ui.internal.workbench.swt.PartRenderingEngine.safeCreateGui(PartRenderingEngine.java:731)
	at org.eclipse.e4.ui.internal.workbench.swt.PartRenderingEngine.access$2(PartRenderingEngine.java:702)
	at org.eclipse.e4.ui.internal.workbench.swt.PartRenderingEngine$7.run(PartRenderingEngine.java:696)
	at org.eclipse.core.runtime.SafeRunner.run(SafeRunner.java:42)
	at org.eclipse.e4.ui.internal.workbench.swt.PartRenderingEngine.createGui(PartRenderingEngine.java:681)
	at org.eclipse.e4.ui.workbench.renderers.swt.SWTPartRenderer.processContents(SWTPartRenderer.java:59)
	at org.eclipse.e4.ui.internal.workbench.swt.PartRenderingEngine.safeCreateGui(PartRenderingEngine.java:641)
	at org.eclipse.e4.ui.internal.workbench.swt.PartRenderingEngine.safeCreateGui(PartRenderingEngine.java:731)
	at org.eclipse.e4.ui.internal.workbench.swt.PartRenderingEngine.access$2(PartRenderingEngine.java:702)
	at org.eclipse.e4.ui.internal.workbench.swt.PartRenderingEngine$7.run(PartRenderingEngine.java:696)
	at org.eclipse.core.runtime.SafeRunner.run(SafeRunner.java:42)
	at org.eclipse.e4.ui.internal.workbench.swt.PartRenderingEngine.createGui(PartRenderingEngine.java:681)
	at org.eclipse.e4.ui.workbench.renderers.swt.SWTPartRenderer.processContents(SWTPartRenderer.java:59)
	at org.eclipse.e4.ui.internal.workbench.swt.PartRenderingEngine.safeCreateGui(PartRenderingEngine.java:641)
	at org.eclipse.e4.ui.internal.workbench.swt.PartRenderingEngine.safeCreateGui(PartRenderingEngine.java:731)
	at org.eclipse.e4.ui.internal.workbench.swt.PartRenderingEngine.access$2(PartRenderingEngine.java:702)
	at org.eclipse.e4.ui.internal.workbench.swt.PartRenderingEngine$7.run(PartRenderingEngine.java:696)
	at org.eclipse.core.runtime.SafeRunner.run(SafeRunner.java:42)
	at org.eclipse.e4.ui.internal.workbench.swt.PartRenderingEngine.createGui(PartRenderingEngine.java:681)
	at org.eclipse.e4.ui.workbench.renderers.swt.SWTPartRenderer.processContents(SWTPartRenderer.java:59)
	at org.eclipse.e4.ui.internal.workbench.swt.PartRenderingEngine.safeCreateGui(PartRenderingEngine.java:641)
	at org.eclipse.e4.ui.internal.workbench.swt.PartRenderingEngine.safeCreateGui(PartRenderingEngine.java:731)
	at org.eclipse.e4.ui.internal.workbench.swt.PartRenderingEngine.access$2(PartRenderingEngine.java:702)
	at org.eclipse.e4.ui.internal.workbench.swt.PartRenderingEngine$7.run(PartRenderingEngine.java:696)
	at org.eclipse.core.runtime.SafeRunner.run(SafeRunner.java:42)
	at org.eclipse.e4.ui.internal.workbench.swt.PartRenderingEngine.createGui(PartRenderingEngine.java:681)
	at org.eclipse.e4.ui.workbench.renderers.swt.SWTPartRenderer.processContents(SWTPartRenderer.java:59)
	at org.eclipse.e4.ui.workbench.renderers.swt.PerspectiveRenderer.processContents(PerspectiveRenderer.java:59)
	at org.eclipse.e4.ui.internal.workbench.swt.PartRenderingEngine.safeCreateGui(PartRenderingEngine.java:641)
	at org.eclipse.e4.ui.internal.workbench.swt.PartRenderingEngine.safeCreateGui(PartRenderingEngine.java:731)
	at org.eclipse.e4.ui.internal.workbench.swt.PartRenderingEngine.access$2(PartRenderingEngine.java:702)
	at org.eclipse.e4.ui.internal.workbench.swt.PartRenderingEngine$7.run(PartRenderingEngine.java:696)
	at org.eclipse.core.runtime.SafeRunner.run(SafeRunner.java:42)
	at org.eclipse.e4.ui.internal.workbench.swt.PartRenderingEngine.createGui(PartRenderingEngine.java:681)
	at org.eclipse.e4.ui.workbench.renderers.swt.PerspectiveStackRenderer.showTab(PerspectiveStackRenderer.java:103)
	at org.eclipse.e4.ui.workbench.renderers.swt.LazyStackRenderer.postProcess(LazyStackRenderer.java:98)
	at org.eclipse.e4.ui.workbench.renderers.swt.PerspectiveStackRenderer.postProcess(PerspectiveStackRenderer.java:77)
	at org.eclipse.e4.ui.internal.workbench.swt.PartRenderingEngine.safeCreateGui(PartRenderingEngine.java:645)
	at org.eclipse.e4.ui.internal.workbench.swt.PartRenderingEngine.safeCreateGui(PartRenderingEngine.java:731)
	at org.eclipse.e4.ui.internal.workbench.swt.PartRenderingEngine.access$2(PartRenderingEngine.java:702)
	at org.eclipse.e4.ui.internal.workbench.swt.PartRenderingEngine$7.run(PartRenderingEngine.java:696)
	at org.eclipse.core.runtime.SafeRunner.run(SafeRunner.java:42)
	at org.eclipse.e4.ui.internal.workbench.swt.PartRenderingEngine.createGui(PartRenderingEngine.java:681)
	at org.eclipse.e4.ui.workbench.renderers.swt.SWTPartRenderer.processContents(SWTPartRenderer.java:59)
	at org.eclipse.e4.ui.internal.workbench.swt.PartRenderingEngine.safeCreateGui(PartRenderingEngine.java:641)
	at org.eclipse.e4.ui.internal.workbench.swt.PartRenderingEngine.safeCreateGui(PartRenderingEngine.java:731)
	at org.eclipse.e4.ui.internal.workbench.swt.PartRenderingEngine.access$2(PartRenderingEngine.java:702)
	at org.eclipse.e4.ui.internal.workbench.swt.PartRenderingEngine$7.run(PartRenderingEngine.java:696)
	at org.eclipse.core.runtime.SafeRunner.run(SafeRunner.java:42)
	at org.eclipse.e4.ui.internal.workbench.swt.PartRenderingEngine.createGui(PartRenderingEngine.java:681)
	at org.eclipse.e4.ui.workbench.renderers.swt.SWTPartRenderer.processContents(SWTPartRenderer.java:59)
	at org.eclipse.e4.ui.workbench.renderers.swt.WBWRenderer.processContents(WBWRenderer.java:644)
	at org.eclipse.e4.ui.internal.workbench.swt.PartRenderingEngine.safeCreateGui(PartRenderingEngine.java:641)
	at org.eclipse.e4.ui.internal.workbench.swt.PartRenderingEngine.safeCreateGui(PartRenderingEngine.java:731)
	at org.eclipse.e4.ui.internal.workbench.swt.PartRenderingEngine.access$2(PartRenderingEngine.java:702)
	at org.eclipse.e4.ui.internal.workbench.swt.PartRenderingEngine$7.run(PartRenderingEngine.java:696)
	at org.eclipse.core.runtime.SafeRunner.run(SafeRunner.java:42)
	at org.eclipse.e4.ui.internal.workbench.swt.PartRenderingEngine.createGui(PartRenderingEngine.java:681)
	at org.eclipse.e4.ui.internal.workbench.swt.PartRenderingEngine$9.run(PartRenderingEngine.java:987)
	at org.eclipse.core.databinding.observable.Realm.runWithDefault(Realm.java:332)
	at org.eclipse.e4.ui.internal.workbench.swt.PartRenderingEngine.run(PartRenderingEngine.java:942)
	at org.eclipse.e4.ui.internal.workbench.E4Workbench.createAndRunUI(E4Workbench.java:86)
	at org.eclipse.ui.internal.Workbench$5.run(Workbench.java:588)
	at org.eclipse.core.databinding.observable.Realm.runWithDefault(Realm.java:332)
	at org.eclipse.ui.internal.Workbench.createAndRunWorkbench(Workbench.java:543)
	at org.eclipse.ui.PlatformUI.createAndRunWorkbench(PlatformUI.java:149)
	at org.eclipse.ui.internal.ide.application.IDEApplication.start(IDEApplication.java:124)
	at org.eclipse.equinox.internal.app.EclipseAppHandle.run(EclipseAppHandle.java:196)
	at org.eclipse.core.runtime.internal.adaptor.EclipseAppLauncher.runApplication(EclipseAppLauncher.java:110)
	at org.eclipse.core.runtime.internal.adaptor.EclipseAppLauncher.start(EclipseAppLauncher.java:79)
	at org.eclipse.core.runtime.adaptor.EclipseStarter.run(EclipseStarter.java:353)
	at org.eclipse.core.runtime.adaptor.EclipseStarter.run(EclipseStarter.java:180)
	at sun.reflect.NativeMethodAccessorImpl.invoke0(Native Method)
	at sun.reflect.NativeMethodAccessorImpl.invoke(Unknown Source)
	at sun.reflect.DelegatingMethodAccessorImpl.invoke(Unknown Source)
	at java.lang.reflect.Method.invoke(Unknown Source)
	at org.eclipse.equinox.launcher.Main.invokeFramework(Main.java:629)
	at org.eclipse.equinox.launcher.Main.basicRun(Main.java:584)
	at org.eclipse.equinox.launcher.Main.run(Main.java:1438)
	at org.eclipse.equinox.launcher.Main.main(Main.java:1414)
!SUBENTRY 1 org.eclipse.core.filebuffers 4 0 2013-06-18 22:06:47.998
!MESSAGE The file does not exist.

!ENTRY org.eclipse.ui 4 4 2013-06-18 22:07:08.454
!MESSAGE Unable to create part

!ENTRY org.eclipse.core.filebuffers 4 0 2013-06-18 22:07:08.461
!MESSAGE The file does not exist.
!STACK 1
org.eclipse.core.runtime.CoreException: The file does not exist.
	at org.eclipse.core.internal.filebuffers.ResourceFileBuffer.create(ResourceFileBuffer.java:237)
	at org.eclipse.core.internal.filebuffers.TextFileBufferManager.connect(TextFileBufferManager.java:112)
	at org.eclipse.ui.editors.text.TextFileDocumentProvider.createFileInfo(TextFileDocumentProvider.java:559)
	at org.eclipse.jdt.internal.ui.javaeditor.CompilationUnitDocumentProvider.createFileInfo(CompilationUnitDocumentProvider.java:978)
	at org.eclipse.ui.editors.text.TextFileDocumentProvider.connect(TextFileDocumentProvider.java:478)
	at org.eclipse.jdt.internal.ui.javaeditor.CompilationUnitDocumentProvider.connect(CompilationUnitDocumentProvider.java:1242)
	at org.eclipse.ui.texteditor.AbstractTextEditor.doSetInput(AbstractTextEditor.java:4222)
	at org.eclipse.ui.texteditor.StatusTextEditor.doSetInput(StatusTextEditor.java:237)
	at org.eclipse.ui.texteditor.AbstractDecoratedTextEditor.doSetInput(AbstractDecoratedTextEditor.java:1480)
	at org.eclipse.jdt.internal.ui.javaeditor.JavaEditor.internalDoSetInput(JavaEditor.java:2584)
	at org.eclipse.jdt.internal.ui.javaeditor.JavaEditor.doSetInput(JavaEditor.java:2557)
	at org.eclipse.jdt.internal.ui.javaeditor.CompilationUnitEditor.doSetInput(CompilationUnitEditor.java:1395)
	at org.eclipse.ui.texteditor.AbstractTextEditor$19.run(AbstractTextEditor.java:3209)
	at org.eclipse.jface.operation.ModalContext.runInCurrentThread(ModalContext.java:464)
	at org.eclipse.jface.operation.ModalContext.run(ModalContext.java:372)
	at org.eclipse.ui.internal.WorkbenchWindow$13.run(WorkbenchWindow.java:1679)
	at org.eclipse.swt.custom.BusyIndicator.showWhile(BusyIndicator.java:70)
	at org.eclipse.ui.internal.WorkbenchWindow.run(WorkbenchWindow.java:1676)
	at org.eclipse.ui.texteditor.AbstractTextEditor.internalInit(AbstractTextEditor.java:3227)
	at org.eclipse.ui.texteditor.AbstractTextEditor.init(AbstractTextEditor.java:3254)
	at org.eclipse.ui.internal.EditorReference.initialize(EditorReference.java:360)
	at org.eclipse.ui.internal.e4.compatibility.CompatibilityPart.create(CompatibilityPart.java:301)
	at sun.reflect.NativeMethodAccessorImpl.invoke0(Native Method)
	at sun.reflect.NativeMethodAccessorImpl.invoke(Unknown Source)
	at sun.reflect.DelegatingMethodAccessorImpl.invoke(Unknown Source)
	at java.lang.reflect.Method.invoke(Unknown Source)
	at org.eclipse.e4.core.internal.di.MethodRequestor.execute(MethodRequestor.java:56)
	at org.eclipse.e4.core.internal.di.InjectorImpl.processAnnotated(InjectorImpl.java:861)
	at org.eclipse.e4.core.internal.di.InjectorImpl.processAnnotated(InjectorImpl.java:841)
	at org.eclipse.e4.core.internal.di.InjectorImpl.inject(InjectorImpl.java:113)
	at org.eclipse.e4.core.internal.di.InjectorImpl.internalMake(InjectorImpl.java:321)
	at org.eclipse.e4.core.internal.di.InjectorImpl.make(InjectorImpl.java:242)
	at org.eclipse.e4.core.contexts.ContextInjectionFactory.make(ContextInjectionFactory.java:161)
	at org.eclipse.e4.ui.internal.workbench.ReflectionContributionFactory.createFromBundle(ReflectionContributionFactory.java:102)
	at org.eclipse.e4.ui.internal.workbench.ReflectionContributionFactory.doCreate(ReflectionContributionFactory.java:71)
	at org.eclipse.e4.ui.internal.workbench.ReflectionContributionFactory.create(ReflectionContributionFactory.java:53)
	at org.eclipse.e4.ui.workbench.renderers.swt.ContributedPartRenderer.createWidget(ContributedPartRenderer.java:141)
	at org.eclipse.e4.ui.internal.workbench.swt.PartRenderingEngine.createWidget(PartRenderingEngine.java:894)
	at org.eclipse.e4.ui.internal.workbench.swt.PartRenderingEngine.safeCreateGui(PartRenderingEngine.java:629)
	at org.eclipse.e4.ui.internal.workbench.swt.PartRenderingEngine.safeCreateGui(PartRenderingEngine.java:731)
	at org.eclipse.e4.ui.internal.workbench.swt.PartRenderingEngine.access$2(PartRenderingEngine.java:702)
	at org.eclipse.e4.ui.internal.workbench.swt.PartRenderingEngine$7.run(PartRenderingEngine.java:696)
	at org.eclipse.core.runtime.SafeRunner.run(SafeRunner.java:42)
	at org.eclipse.e4.ui.internal.workbench.swt.PartRenderingEngine.createGui(PartRenderingEngine.java:681)
	at org.eclipse.e4.ui.workbench.renderers.swt.StackRenderer.showTab(StackRenderer.java:1115)
	at org.eclipse.e4.ui.workbench.renderers.swt.LazyStackRenderer$1.handleEvent(LazyStackRenderer.java:67)
	at org.eclipse.e4.ui.services.internal.events.UIEventHandler$1.run(UIEventHandler.java:41)
	at org.eclipse.swt.widgets.Synchronizer.syncExec(Synchronizer.java:180)
	at org.eclipse.ui.internal.UISynchronizer.syncExec(UISynchronizer.java:150)
	at org.eclipse.swt.widgets.Display.syncExec(Display.java:4687)
	at org.eclipse.e4.ui.internal.workbench.swt.E4Application$1.syncExec(E4Application.java:187)
	at org.eclipse.e4.ui.services.internal.events.UIEventHandler.handleEvent(UIEventHandler.java:38)
	at org.eclipse.equinox.internal.event.EventHandlerWrapper.handleEvent(EventHandlerWrapper.java:197)
	at org.eclipse.equinox.internal.event.EventHandlerTracker.dispatchEvent(EventHandlerTracker.java:197)
	at org.eclipse.equinox.internal.event.EventHandlerTracker.dispatchEvent(EventHandlerTracker.java:1)
	at org.eclipse.osgi.framework.eventmgr.EventManager.dispatchEvent(EventManager.java:230)
	at org.eclipse.osgi.framework.eventmgr.ListenerQueue.dispatchEventSynchronous(ListenerQueue.java:148)
	at org.eclipse.equinox.internal.event.EventAdminImpl.dispatchEvent(EventAdminImpl.java:135)
	at org.eclipse.equinox.internal.event.EventAdminImpl.sendEvent(EventAdminImpl.java:78)
	at org.eclipse.equinox.internal.event.EventComponent.sendEvent(EventComponent.java:39)
	at org.eclipse.e4.ui.services.internal.events.EventBroker.send(EventBroker.java:80)
	at org.eclipse.e4.ui.internal.workbench.UIEventPublisher.notifyChanged(UIEventPublisher.java:58)
	at org.eclipse.emf.common.notify.impl.BasicNotifierImpl.eNotify(BasicNotifierImpl.java:374)
	at org.eclipse.e4.ui.model.application.ui.impl.ElementContainerImpl.setSelectedElement(ElementContainerImpl.java:171)
	at org.eclipse.e4.ui.internal.workbench.PartServiceImpl.hidePart(PartServiceImpl.java:1142)
	at org.eclipse.e4.ui.internal.workbench.PartServiceImpl.hidePart(PartServiceImpl.java:1096)
	at org.eclipse.e4.ui.workbench.renderers.swt.StackRenderer.closePart(StackRenderer.java:1088)
	at org.eclipse.e4.ui.workbench.renderers.swt.StackRenderer.access$9(StackRenderer.java:1070)
	at org.eclipse.e4.ui.workbench.renderers.swt.StackRenderer$10.close(StackRenderer.java:953)
	at org.eclipse.swt.custom.CTabFolder.onMouse(CTabFolder.java:1829)
	at org.eclipse.swt.custom.CTabFolder$1.handleEvent(CTabFolder.java:283)
	at org.eclipse.swt.widgets.EventTable.sendEvent(EventTable.java:84)
	at org.eclipse.swt.widgets.Widget.sendEvent(Widget.java:1053)
	at org.eclipse.swt.widgets.Display.runDeferredEvents(Display.java:4169)
	at org.eclipse.swt.widgets.Display.readAndDispatch(Display.java:3758)
	at org.eclipse.e4.ui.internal.workbench.swt.PartRenderingEngine$9.run(PartRenderingEngine.java:1053)
	at org.eclipse.core.databinding.observable.Realm.runWithDefault(Realm.java:332)
	at org.eclipse.e4.ui.internal.workbench.swt.PartRenderingEngine.run(PartRenderingEngine.java:942)
	at org.eclipse.e4.ui.internal.workbench.E4Workbench.createAndRunUI(E4Workbench.java:86)
	at org.eclipse.ui.internal.Workbench$5.run(Workbench.java:588)
	at org.eclipse.core.databinding.observable.Realm.runWithDefault(Realm.java:332)
	at org.eclipse.ui.internal.Workbench.createAndRunWorkbench(Workbench.java:543)
	at org.eclipse.ui.PlatformUI.createAndRunWorkbench(PlatformUI.java:149)
	at org.eclipse.ui.internal.ide.application.IDEApplication.start(IDEApplication.java:124)
	at org.eclipse.equinox.internal.app.EclipseAppHandle.run(EclipseAppHandle.java:196)
	at org.eclipse.core.runtime.internal.adaptor.EclipseAppLauncher.runApplication(EclipseAppLauncher.java:110)
	at org.eclipse.core.runtime.internal.adaptor.EclipseAppLauncher.start(EclipseAppLauncher.java:79)
	at org.eclipse.core.runtime.adaptor.EclipseStarter.run(EclipseStarter.java:353)
	at org.eclipse.core.runtime.adaptor.EclipseStarter.run(EclipseStarter.java:180)
	at sun.reflect.NativeMethodAccessorImpl.invoke0(Native Method)
	at sun.reflect.NativeMethodAccessorImpl.invoke(Unknown Source)
	at sun.reflect.DelegatingMethodAccessorImpl.invoke(Unknown Source)
	at java.lang.reflect.Method.invoke(Unknown Source)
	at org.eclipse.equinox.launcher.Main.invokeFramework(Main.java:629)
	at org.eclipse.equinox.launcher.Main.basicRun(Main.java:584)
	at org.eclipse.equinox.launcher.Main.run(Main.java:1438)
	at org.eclipse.equinox.launcher.Main.main(Main.java:1414)
!SUBENTRY 1 org.eclipse.core.filebuffers 4 0 2013-06-18 22:07:08.464
!MESSAGE The file does not exist.

!ENTRY org.eclipse.equinox.p2.operations 4 0 2013-06-18 22:42:24.809
!MESSAGE Operation details
!SUBENTRY 1 org.eclipse.equinox.p2.director 4 1 2013-06-18 22:42:24.809
!MESSAGE Cannot complete the install because one or more required items could not be found.
!SUBENTRY 2 org.eclipse.equinox.p2.director 4 0 2013-06-18 22:42:24.809
!MESSAGE Software being installed: ObjectAid Sequence Diagram (License Required) 1.1.3 (com.objectaid.uml.seq.feature.group 1.1.3)
!SUBENTRY 2 org.eclipse.equinox.p2.director 4 0 2013-06-18 22:42:24.810
!MESSAGE Missing requirement: ObjectAid Sequence Diagram (License Required) 1.1.3 (com.objectaid.uml.seq.feature.group 1.1.3) requires 'org.eclipse.draw2d 0.0.0' but it could not be found

!ENTRY org.eclipse.equinox.p2.operations 4 0 2013-06-18 22:42:24.843
!MESSAGE Operation details
!SUBENTRY 1 org.eclipse.equinox.p2.director 4 1 2013-06-18 22:42:24.844
!MESSAGE Cannot complete the install because one or more required items could not be found.
!SUBENTRY 2 org.eclipse.equinox.p2.director 4 0 2013-06-18 22:42:24.844
!MESSAGE Software being installed: ObjectAid Sequence Diagram (License Required) 1.1.3 (com.objectaid.uml.seq.feature.group 1.1.3)
!SUBENTRY 2 org.eclipse.equinox.p2.director 4 0 2013-06-18 22:42:24.844
!MESSAGE Missing requirement: ObjectAid Sequence Diagram (License Required) 1.1.3 (com.objectaid.uml.seq.feature.group 1.1.3) requires 'org.eclipse.draw2d 0.0.0' but it could not be found

!ENTRY org.eclipse.equinox.p2.operations 4 0 2013-06-18 22:42:48.455
!MESSAGE Operation details
!SUBENTRY 1 org.eclipse.equinox.p2.director 4 1 2013-06-18 22:42:48.455
!MESSAGE Cannot complete the install because one or more required items could not be found.
!SUBENTRY 2 org.eclipse.equinox.p2.director 4 0 2013-06-18 22:42:48.455
!MESSAGE Software being installed: ObjectAid Class Diagram 1.1.3 (com.objectaid.uml.feature.group 1.1.3)
!SUBENTRY 2 org.eclipse.equinox.p2.director 4 0 2013-06-18 22:42:48.455
!MESSAGE Missing requirement: ObjectAid Class Diagram 1.1.3 (com.objectaid.uml.feature.group 1.1.3) requires 'org.eclipse.draw2d 0.0.0' but it could not be found

!ENTRY org.eclipse.equinox.p2.operations 4 0 2013-06-18 22:42:48.481
!MESSAGE Operation details
!SUBENTRY 1 org.eclipse.equinox.p2.director 4 1 2013-06-18 22:42:48.481
!MESSAGE Cannot complete the install because one or more required items could not be found.
!SUBENTRY 2 org.eclipse.equinox.p2.director 4 0 2013-06-18 22:42:48.481
!MESSAGE Software being installed: ObjectAid Class Diagram 1.1.3 (com.objectaid.uml.feature.group 1.1.3)
!SUBENTRY 2 org.eclipse.equinox.p2.director 4 0 2013-06-18 22:42:48.482
!MESSAGE Missing requirement: ObjectAid Class Diagram 1.1.3 (com.objectaid.uml.feature.group 1.1.3) requires 'org.eclipse.draw2d 0.0.0' but it could not be found
!SESSION 2013-06-26 13:18:40.408 -----------------------------------------------
eclipse.buildId=M20130204-1200
java.version=1.7.0_21
java.vendor=Oracle Corporation
BootLoader constants: OS=win32, ARCH=x86_64, WS=win32, NL=en_US
Command-line arguments:  -os win32 -ws win32 -arch x86_64

!ENTRY org.eclipse.jdt.launching 4 107 2013-06-26 13:44:52.716
!MESSAGE Launch configuration JUnitCore references non-existing project 4370 Project 1.
!SESSION 2013-07-07 09:39:17.474 -----------------------------------------------
eclipse.buildId=M20130204-1200
java.version=1.7.0_21
java.vendor=Oracle Corporation
BootLoader constants: OS=win32, ARCH=x86_64, WS=win32, NL=en_US
Command-line arguments:  -os win32 -ws win32 -arch x86_64

!ENTRY org.eclipse.jdt.ui 4 10001 2013-07-07 11:07:18.087
!MESSAGE Internal Error
!STACK 1
Java Model Exception: Java Model Status [Timed out while retrieving the attached javadoc for String {key=Ljava/lang/String;} [in String.class [in java.lang [in C:\Program Files\Java\jre7\lib\rt.jar]]] ]
	at org.eclipse.jdt.internal.core.JavaElement.getURLContents(JavaElement.java:808)
	at org.eclipse.jdt.internal.core.BinaryType.getJavadocContents(BinaryType.java:1037)
	at org.eclipse.jdt.internal.core.BinaryType.getAttachedJavadoc(BinaryType.java:995)
	at org.eclipse.jdt.internal.ui.text.javadoc.JavadocContentAccess2.getHTMLContent(JavadocContentAccess2.java:463)
	at org.eclipse.jdt.internal.ui.text.java.hover.JavadocHover.getHoverInfo(JavadocHover.java:619)
	at org.eclipse.jdt.internal.ui.text.java.hover.JavadocHover.internalGetHoverInfo(JavadocHover.java:565)
	at org.eclipse.jdt.internal.ui.text.java.hover.JavadocHover.getHoverInfo2(JavadocHover.java:557)
	at org.eclipse.jdt.internal.ui.text.java.hover.BestMatchHover.getHoverInfo2(BestMatchHover.java:163)
	at org.eclipse.jdt.internal.ui.text.java.hover.BestMatchHover.getHoverInfo2(BestMatchHover.java:129)
	at org.eclipse.jdt.internal.ui.text.java.hover.JavaEditorTextHoverProxy.getHoverInfo2(JavaEditorTextHoverProxy.java:85)
	at org.eclipse.jface.text.TextViewerHoverManager$4.run(TextViewerHoverManager.java:166)
!SUBENTRY 1 org.eclipse.jdt.core 4 1012 2013-07-07 11:07:18.118
!MESSAGE Timed out while retrieving the attached javadoc for String {key=Ljava/lang/String;} [in String.class [in java.lang [in C:\Program Files\Java\jre7\lib\rt.jar]]] 

!ENTRY org.eclipse.jdt.ui 4 10001 2013-07-07 11:23:31.454
!MESSAGE Internal Error
!STACK 1
Java Model Exception: Java Model Status [Timed out while retrieving the attached javadoc for String {key=Ljava/lang/String;} [in String.class [in java.lang [in C:\Program Files\Java\jre7\lib\rt.jar]]] ]
	at org.eclipse.jdt.internal.core.JavaElement.getURLContents(JavaElement.java:808)
	at org.eclipse.jdt.internal.core.BinaryType.getJavadocContents(BinaryType.java:1037)
	at org.eclipse.jdt.internal.core.BinaryType.getAttachedJavadoc(BinaryType.java:995)
	at org.eclipse.jdt.internal.ui.text.javadoc.JavadocContentAccess2.getHTMLContent(JavadocContentAccess2.java:463)
	at org.eclipse.jdt.internal.ui.text.java.hover.JavadocHover.getHoverInfo(JavadocHover.java:619)
	at org.eclipse.jdt.internal.ui.text.java.hover.JavadocHover.internalGetHoverInfo(JavadocHover.java:565)
	at org.eclipse.jdt.internal.ui.text.java.hover.JavadocHover.getHoverInfo2(JavadocHover.java:557)
	at org.eclipse.jdt.internal.ui.text.java.hover.BestMatchHover.getHoverInfo2(BestMatchHover.java:163)
	at org.eclipse.jdt.internal.ui.text.java.hover.BestMatchHover.getHoverInfo2(BestMatchHover.java:129)
	at org.eclipse.jdt.internal.ui.text.java.hover.JavaEditorTextHoverProxy.getHoverInfo2(JavaEditorTextHoverProxy.java:85)
	at org.eclipse.jface.text.TextViewerHoverManager$4.run(TextViewerHoverManager.java:166)
!SUBENTRY 1 org.eclipse.jdt.core 4 1012 2013-07-07 11:23:31.455
!MESSAGE Timed out while retrieving the attached javadoc for String {key=Ljava/lang/String;} [in String.class [in java.lang [in C:\Program Files\Java\jre7\lib\rt.jar]]] 

!ENTRY org.eclipse.jdt.ui 4 10001 2013-07-07 16:56:09.129
!MESSAGE Internal Error
!STACK 1
Java Model Exception: Java Model Status [Timed out while retrieving the attached javadoc for String {key=Ljava/lang/String;} [in String.class [in java.lang [in C:\Program Files\Java\jre7\lib\rt.jar]]] ]
	at org.eclipse.jdt.internal.core.JavaElement.getURLContents(JavaElement.java:808)
	at org.eclipse.jdt.internal.core.BinaryType.getJavadocContents(BinaryType.java:1037)
	at org.eclipse.jdt.internal.core.BinaryType.getAttachedJavadoc(BinaryType.java:995)
	at org.eclipse.jdt.internal.ui.text.javadoc.JavadocContentAccess2.getHTMLContent(JavadocContentAccess2.java:463)
	at org.eclipse.jdt.internal.ui.text.java.hover.JavadocHover.getHoverInfo(JavadocHover.java:619)
	at org.eclipse.jdt.internal.ui.text.java.hover.JavadocHover.internalGetHoverInfo(JavadocHover.java:565)
	at org.eclipse.jdt.internal.ui.text.java.hover.JavadocHover.getHoverInfo2(JavadocHover.java:557)
	at org.eclipse.jdt.internal.ui.text.java.hover.BestMatchHover.getHoverInfo2(BestMatchHover.java:163)
	at org.eclipse.jdt.internal.ui.text.java.hover.BestMatchHover.getHoverInfo2(BestMatchHover.java:129)
	at org.eclipse.jdt.internal.ui.text.java.hover.JavaEditorTextHoverProxy.getHoverInfo2(JavaEditorTextHoverProxy.java:85)
	at org.eclipse.jface.text.TextViewerHoverManager$4.run(TextViewerHoverManager.java:166)
!SUBENTRY 1 org.eclipse.jdt.core 4 1012 2013-07-07 16:56:09.130
!MESSAGE Timed out while retrieving the attached javadoc for String {key=Ljava/lang/String;} [in String.class [in java.lang [in C:\Program Files\Java\jre7\lib\rt.jar]]] 

!ENTRY org.eclipse.jdt.ui 4 10001 2013-07-07 17:05:33.507
!MESSAGE Internal Error
!STACK 1
Java Model Exception: Java Model Status [Timed out while retrieving the attached javadoc for PrintStream [in PrintStream.class [in java.io [in C:\Program Files\Java\jre7\lib\rt.jar]]] ]
	at org.eclipse.jdt.internal.core.JavaElement.getURLContents(JavaElement.java:808)
	at org.eclipse.jdt.internal.core.BinaryType.getJavadocContents(BinaryType.java:1037)
	at org.eclipse.jdt.internal.core.BinaryMethod.getAttachedJavadoc(BinaryMethod.java:639)
	at org.eclipse.jdt.internal.ui.text.javadoc.JavadocContentAccess2.getHTMLContent(JavadocContentAccess2.java:463)
	at org.eclipse.jdt.internal.ui.text.java.ProposalInfo.extractJavadoc(ProposalInfo.java:95)
	at org.eclipse.jdt.internal.ui.text.java.ProposalInfo.computeInfo(ProposalInfo.java:75)
	at org.eclipse.jdt.internal.ui.text.java.ProposalInfo.getInfo(ProposalInfo.java:58)
	at org.eclipse.jdt.internal.ui.text.java.AbstractJavaCompletionProposal.getAdditionalProposalInfo(AbstractJavaCompletionProposal.java:555)
	at org.eclipse.jface.text.contentassist.AdditionalInfoController$3.run(AdditionalInfoController.java:106)
	at org.eclipse.core.internal.jobs.Worker.run(Worker.java:53)
!SUBENTRY 1 org.eclipse.jdt.core 4 1012 2013-07-07 17:05:33.508
!MESSAGE Timed out while retrieving the attached javadoc for PrintStream [in PrintStream.class [in java.io [in C:\Program Files\Java\jre7\lib\rt.jar]]] 

!ENTRY org.eclipse.jdt.ui 4 10001 2013-07-07 17:05:33.693
!MESSAGE Internal Error
!STACK 1
Java Model Exception: Java Model Status [Timed out while retrieving the attached javadoc for PrintStream [in PrintStream.class [in java.io [in C:\Program Files\Java\jre7\lib\rt.jar]]] ]
	at org.eclipse.jdt.internal.core.JavaElement.getURLContents(JavaElement.java:808)
	at org.eclipse.jdt.internal.core.BinaryType.getJavadocContents(BinaryType.java:1037)
	at org.eclipse.jdt.internal.core.BinaryMethod.getAttachedJavadoc(BinaryMethod.java:639)
	at org.eclipse.jdt.internal.ui.text.javadoc.JavadocContentAccess2.getHTMLContent(JavadocContentAccess2.java:463)
	at org.eclipse.jdt.internal.ui.text.java.ProposalInfo.extractJavadoc(ProposalInfo.java:95)
	at org.eclipse.jdt.internal.ui.text.java.ProposalInfo.computeInfo(ProposalInfo.java:75)
	at org.eclipse.jdt.internal.ui.text.java.ProposalInfo.getInfo(ProposalInfo.java:58)
	at org.eclipse.jdt.internal.ui.text.java.AbstractJavaCompletionProposal.getAdditionalProposalInfo(AbstractJavaCompletionProposal.java:555)
	at org.eclipse.jface.text.contentassist.AdditionalInfoController$3.run(AdditionalInfoController.java:106)
	at org.eclipse.core.internal.jobs.Worker.run(Worker.java:53)
!SUBENTRY 1 org.eclipse.jdt.core 4 1012 2013-07-07 17:05:33.694
!MESSAGE Timed out while retrieving the attached javadoc for PrintStream [in PrintStream.class [in java.io [in C:\Program Files\Java\jre7\lib\rt.jar]]] 

!ENTRY org.eclipse.jdt.ui 4 10001 2013-07-07 17:05:34.225
!MESSAGE Internal Error
!STACK 1
Java Model Exception: Java Model Status [Timed out while retrieving the attached javadoc for PrintStream [in PrintStream.class [in java.io [in C:\Program Files\Java\jre7\lib\rt.jar]]] ]
	at org.eclipse.jdt.internal.core.JavaElement.getURLContents(JavaElement.java:808)
	at org.eclipse.jdt.internal.core.BinaryType.getJavadocContents(BinaryType.java:1037)
	at org.eclipse.jdt.internal.core.BinaryMethod.getAttachedJavadoc(BinaryMethod.java:639)
	at org.eclipse.jdt.internal.ui.text.javadoc.JavadocContentAccess2.getHTMLContent(JavadocContentAccess2.java:463)
	at org.eclipse.jdt.internal.ui.text.java.ProposalInfo.extractJavadoc(ProposalInfo.java:95)
	at org.eclipse.jdt.internal.ui.text.java.ProposalInfo.computeInfo(ProposalInfo.java:75)
	at org.eclipse.jdt.internal.ui.text.java.ProposalInfo.getInfo(ProposalInfo.java:58)
	at org.eclipse.jdt.internal.ui.text.java.AbstractJavaCompletionProposal.getAdditionalProposalInfo(AbstractJavaCompletionProposal.java:555)
	at org.eclipse.jface.text.contentassist.AdditionalInfoController$3.run(AdditionalInfoController.java:106)
	at org.eclipse.core.internal.jobs.Worker.run(Worker.java:53)
!SUBENTRY 1 org.eclipse.jdt.core 4 1012 2013-07-07 17:05:34.226
!MESSAGE Timed out while retrieving the attached javadoc for PrintStream [in PrintStream.class [in java.io [in C:\Program Files\Java\jre7\lib\rt.jar]]] 
!SESSION 2013-07-25 17:01:12.929 -----------------------------------------------
eclipse.buildId=M20130204-1200
java.version=1.7.0_21
java.vendor=Oracle Corporation
BootLoader constants: OS=win32, ARCH=x86_64, WS=win32, NL=en_US
Command-line arguments:  -os win32 -ws win32 -arch x86_64

!ENTRY org.eclipse.jdt.launching 4 107 2013-07-25 18:55:34.378
!MESSAGE Launch configuration JUnitCore references non-existing project 4370 Project 1.
